<?xml version="1.0" encoding="UTF-8"?>
<!-- Generated by org.testng.reporters.JUnitReportReporter -->
<testsuite hostname="Sarankumar-4W5B2G2" failures="0" tests="2" name="Test_Package.annotations_Example" time="0.008" errors="0" timestamp="2024-05-06T12:19:18 IST" skipped="0">
  <testcase classname="Test_Package.annotations_Example" name="TC2" time="0.007"/>
  <system-out/>
  <testcase classname="Test_Package.annotations_Example" name="TC1" time="0.001"/>
  <system-out/>
</testsuite> <!-- Test_Package.annotations_Example -->
