<?xml version="1.0" encoding="UTF-8"?>
<!-- Generated by org.testng.reporters.JUnitReportReporter -->
<testsuite hostname="Sarankumar-4W5B2G2" failures="0" tests="1" name="Test_Package.ReadExcel" time="1.246" errors="0" timestamp="2024-05-14T13:02:37 IST" skipped="0">
  <testcase classname="Test_Package.ReadExcel" name="readExcel" time="1.246"/>
  <system-out/>
</testsuite> <!-- Test_Package.ReadExcel -->
