<?xml version="1.0" encoding="UTF-8"?>
<!-- Generated by org.testng.reporters.JUnitReportReporter -->
<testsuite hostname="Sarankumar-4W5B2G2" failures="0" tests="5" name="Test_Package.CreateLead" time="25.862" errors="0" timestamp="2024-05-15T12:31:21 IST" skipped="0">
  <testcase classname="Test_Package.CreateLead" name="createLead" time="5.678"/>
  <system-out/>
  <testcase classname="Test_Package.CreateLead" name="createLead" time="5.025"/>
  <system-out/>
  <testcase classname="Test_Package.CreateLead" name="createLead" time="5.052"/>
  <system-out/>
  <testcase classname="Test_Package.CreateLead" name="createLead" time="5.184"/>
  <system-out/>
  <testcase classname="Test_Package.CreateLead" name="createLead" time="4.923"/>
  <system-out/>
</testsuite> <!-- Test_Package.CreateLead -->
