<?xml version="1.0" encoding="UTF-8"?>
<!-- Generated by org.testng.reporters.JUnitReportReporter -->
<testsuite hostname="Sarankumar-4W5B2G2" failures="0" tests="1" name="Test_Package.Login_Test" time="2.394" errors="0" timestamp="2024-04-30T17:29:27 IST" skipped="0">
  <testcase classname="Test_Package.Login_Test" name="login" time="2.394"/>
  <system-out/>
</testsuite> <!-- Test_Package.Login_Test -->
