<?xml version="1.0" encoding="UTF-8"?>
<!-- Generated by org.testng.reporters.JUnitReportReporter -->
<testsuite hostname="Sarankumar-4W5B2G2" failures="0" tests="1" name="Test_Package.Testcase1" time="2.105" errors="0" timestamp="2024-05-06T17:47:14 IST" skipped="0">
  <testcase classname="Test_Package.Testcase1" name="login" time="2.105"/>
  <system-out/>
</testsuite> <!-- Test_Package.Testcase1 -->
