<?xml version="1.0" encoding="UTF-8"?>
<!-- Generated by org.testng.reporters.JUnitReportReporter -->
<testsuite hostname="Sarankumar-4W5B2G2" failures="0" tests="1" name="Test_Package.Launch_App" time="31.758" errors="0" timestamp="2024-05-07T12:23:32 IST" skipped="0">
  <testcase classname="Test_Package.Launch_App" name="login" time="31.758"/>
  <system-out/>
</testsuite> <!-- Test_Package.Launch_App -->
