<?xml version="1.0" encoding="UTF-8"?>
<!-- Generated by org.testng.reporters.JUnitReportReporter -->
<testsuite hostname="Sarankumar-4W5B2G2" failures="0" tests="2" name="Test_Package.CreateLead" time="14.708" errors="0" timestamp="2024-05-21T10:51:09 IST" skipped="0">
  <testcase classname="Test_Package.CreateLead" name="createLead" time="7.682"/>
  <system-out/>
  <testcase classname="Test_Package.CreateLead" name="createLead" time="7.026"/>
  <system-out/>
</testsuite> <!-- Test_Package.CreateLead -->
