<?xml version="1.0" encoding="UTF-8"?>
<!-- Generated by org.testng.reporters.JUnitReportReporter -->
<testsuite hostname="Sarankumar-4W5B2G2" failures="0" tests="1" name="Test_Package.Login" time="1.906" errors="0" timestamp="2024-05-15T12:31:21 IST" skipped="0">
  <testcase classname="Test_Package.Login" name="login" time="1.906"/>
  <system-out/>
</testsuite> <!-- Test_Package.Login -->
