<?xml version="1.0" encoding="UTF-8"?>
<!-- Generated by org.testng.reporters.JUnitReportReporter -->
<testsuite hostname="Sarankumar-4W5B2G2" failures="0" tests="2" name="Test_Package.NewTest" time="0.014" errors="0" timestamp="2024-05-06T15:29:59 IST" skipped="0">
  <testcase classname="Test_Package.NewTest" name="f1" time="0.004"/>
  <system-out/>
  <testcase classname="Test_Package.NewTest" name="f" time="0.010"/>
  <system-out/>
</testsuite> <!-- Test_Package.NewTest -->
